This file contains any messages produced by compilers while
running configure, to aid debugging if configure makes a mistake.

It was created by arimatools configure 0.1, which was
generated by GNU Autoconf 2.65.  Invocation command line was

  $ ./configure 

## --------- ##
## Platform. ##
## --------- ##

hostname = nautilus2
uname -m = x86_64
uname -r = 2.6.34.7-63.fc13.x86_64
uname -s = Linux
uname -v = #1 SMP Fri Dec 3 12:38:46 UTC 2010

/usr/bin/uname -p = unknown
/bin/uname -X     = unknown

/bin/arch              = x86_64
/usr/bin/arch -k       = unknown
/usr/convex/getsysinfo = unknown
/usr/bin/hostinfo      = unknown
/bin/machine           = unknown
/usr/bin/oslevel       = unknown
/bin/universe          = unknown

PATH: /projects/java/jdk1.6.0_25/bin
PATH: /usr/lib64/mpich2/bin/
PATH: /projects/java/jdk1.6.0_25/bin
PATH: /usr/lib64/mpich2/bin/
PATH: /usr/lib64/qt-3.3/bin
PATH: /usr/lib64/mpich2/bin
PATH: /usr/kerberos/sbin
PATH: /usr/kerberos/bin
PATH: /usr/lib64/ccache
PATH: /usr/local/bin
PATH: /usr/bin
PATH: /bin
PATH: /usr/local/sbin
PATH: /usr/sbin
PATH: /sbin
PATH: /opt/qt/bin
PATH: /home/ilaguna/bin
PATH: /projects/hadoop/hadoop-0.20.2/bin
PATH: /home/ilaguna/bin
PATH: /opt/qt/bin
PATH: /home/ilaguna/bin
PATH: /projects/hadoop/hadoop-0.20.2/bin


## ----------- ##
## Core tests. ##
## ----------- ##

configure:2478: checking for a BSD-compatible install
configure:2546: result: /usr/bin/install -c
configure:2557: checking whether build environment is sane
configure:2607: result: yes
configure:2748: checking for a thread-safe mkdir -p
configure:2787: result: /bin/mkdir -p
configure:2800: checking for gawk
configure:2816: found /usr/bin/gawk
configure:2827: result: gawk
configure:2838: checking whether make sets $(MAKE)
configure:2860: result: yes
configure:2971: checking build system type
configure:2985: result: x86_64-unknown-linux-gnu
configure:3005: checking host system type
configure:3018: result: x86_64-unknown-linux-gnu
configure:3050: checking for style of include used by make
configure:3078: result: GNU
configure:3148: checking for gcc
configure:3164: found /usr/lib64/ccache/gcc
configure:3175: result: gcc
configure:3404: checking for C compiler version
configure:3413: gcc --version >&5
gcc (GCC) 4.4.5 20101112 (Red Hat 4.4.5-2)
Copyright (C) 2010 Free Software Foundation, Inc.
This is free software; see the source for copying conditions.  There is NO
warranty; not even for MERCHANTABILITY or FITNESS FOR A PARTICULAR PURPOSE.

configure:3424: $? = 0
configure:3413: gcc -v >&5
Using built-in specs.
Target: x86_64-redhat-linux
Configured with: ../configure --prefix=/usr --mandir=/usr/share/man --infodir=/usr/share/info --with-bugurl=http://bugzilla.redhat.com/bugzilla --enable-bootstrap --enable-shared --enable-threads=posix --enable-checking=release --with-system-zlib --enable-__cxa_atexit --disable-libunwind-exceptions --enable-gnu-unique-object --enable-languages=c,c++,objc,obj-c++,java,fortran,ada --enable-java-awt=gtk --disable-dssi --with-java-home=/usr/lib/jvm/java-1.5.0-gcj-1.5.0.0/jre --enable-libgcj-multifile --enable-java-maintainer-mode --with-ecj-jar=/usr/share/java/eclipse-ecj.jar --disable-libjava-multilib --with-ppl --with-cloog --with-tune=generic --with-arch_32=i686 --build=x86_64-redhat-linux
Thread model: posix
gcc version 4.4.5 20101112 (Red Hat 4.4.5-2) (GCC) 
configure:3424: $? = 0
configure:3413: gcc -V >&5
gcc: '-V' option must have argument
configure:3424: $? = 1
configure:3413: gcc -qversion >&5
gcc: unrecognized option '-qversion'
gcc: no input files
configure:3424: $? = 1
configure:3444: checking whether the C compiler works
configure:3466: gcc    conftest.c  >&5
configure:3470: $? = 0
configure:3519: result: yes
configure:3522: checking for C compiler default output file name
configure:3524: result: a.out
configure:3530: checking for suffix of executables
configure:3537: gcc -o conftest    conftest.c  >&5
configure:3541: $? = 0
configure:3563: result: 
configure:3585: checking whether we are cross compiling
configure:3593: gcc -o conftest    conftest.c  >&5
configure:3597: $? = 0
configure:3604: ./conftest
configure:3608: $? = 0
configure:3623: result: no
configure:3628: checking for suffix of object files
configure:3650: gcc -c   conftest.c >&5
configure:3654: $? = 0
configure:3675: result: o
configure:3679: checking whether we are using the GNU C compiler
configure:3698: gcc -c   conftest.c >&5
configure:3698: $? = 0
configure:3707: result: yes
configure:3716: checking whether gcc accepts -g
configure:3736: gcc -c -g  conftest.c >&5
configure:3736: $? = 0
configure:3777: result: yes
configure:3794: checking for gcc option to accept ISO C89
configure:3858: gcc  -c -g -O2  conftest.c >&5
configure:3858: $? = 0
configure:3871: result: none needed
configure:3893: checking dependency style of gcc
configure:4003: result: gcc3
configure:4018: checking for a sed that does not truncate output
configure:4082: result: /bin/sed
configure:4100: checking for grep that handles long lines and -e
configure:4158: result: /bin/grep
configure:4163: checking for egrep
configure:4225: result: /bin/grep -E
configure:4230: checking for fgrep
configure:4292: result: /bin/grep -F
configure:4327: checking for ld used by gcc
configure:4394: result: /usr/bin/ld
configure:4401: checking if the linker (/usr/bin/ld) is GNU ld
configure:4416: result: yes
configure:4428: checking for BSD- or MS-compatible name lister (nm)
configure:4477: result: /usr/bin/nm -B
configure:4595: checking the name lister (/usr/bin/nm -B) interface
configure:4602: gcc -c -g -O2  conftest.c >&5
configure:4605: /usr/bin/nm -B "conftest.o"
configure:4608: output
0000000000000000 B some_variable
configure:4615: result: BSD nm
configure:4618: checking whether ln -s works
configure:4622: result: yes
configure:4630: checking the maximum length of command line arguments
configure:4750: result: 1966080
configure:4767: checking whether the shell understands some XSI constructs
configure:4777: result: yes
configure:4781: checking whether the shell understands "+="
configure:4787: result: yes
configure:4822: checking for /usr/bin/ld option to reload object files
configure:4829: result: -r
configure:4898: checking for objdump
configure:4914: found /usr/bin/objdump
configure:4925: result: objdump
configure:4957: checking how to recognize dependent libraries
configure:5153: result: pass_all
configure:5213: checking for ar
configure:5229: found /usr/bin/ar
configure:5240: result: ar
configure:5318: checking for strip
configure:5334: found /usr/bin/strip
configure:5345: result: strip
configure:5417: checking for ranlib
configure:5433: found /usr/bin/ranlib
configure:5444: result: ranlib
configure:5534: checking command to parse /usr/bin/nm -B output from gcc object
configure:5652: gcc -c -g -O2  conftest.c >&5
configure:5655: $? = 0
configure:5659: /usr/bin/nm -B conftest.o \| sed -n -e 's/^.*[	 ]\([ABCDGIRSTW][ABCDGIRSTW]*\)[	 ][	 ]*\([_A-Za-z][_A-Za-z0-9]*\)$/\1 \2 \2/p' \> conftest.nm
configure:5662: $? = 0
configure:5716: gcc -o conftest -g -O2   conftest.c conftstm.o >&5
configure:5719: $? = 0
configure:5757: result: ok
configure:5853: gcc -c -g -O2  conftest.c >&5
configure:5856: $? = 0
configure:6566: checking how to run the C preprocessor
configure:6597: gcc -E  conftest.c
configure:6597: $? = 0
configure:6611: gcc -E  conftest.c
conftest.c:11:28: error: ac_nonexistent.h: No such file or directory
configure:6611: $? = 1
configure: failed program was:
| /* confdefs.h */
| #define PACKAGE_NAME "arimatools"
| #define PACKAGE_TARNAME "arimatools"
| #define PACKAGE_VERSION "0.1"
| #define PACKAGE_STRING "arimatools 0.1"
| #define PACKAGE_BUGREPORT "ilaguna@purdue.edu"
| #define PACKAGE_URL ""
| #define PACKAGE "arimatools"
| #define VERSION "0.1"
| /* end confdefs.h.  */
| #include <ac_nonexistent.h>
configure:6636: result: gcc -E
configure:6656: gcc -E  conftest.c
configure:6656: $? = 0
configure:6670: gcc -E  conftest.c
conftest.c:11:28: error: ac_nonexistent.h: No such file or directory
configure:6670: $? = 1
configure: failed program was:
| /* confdefs.h */
| #define PACKAGE_NAME "arimatools"
| #define PACKAGE_TARNAME "arimatools"
| #define PACKAGE_VERSION "0.1"
| #define PACKAGE_STRING "arimatools 0.1"
| #define PACKAGE_BUGREPORT "ilaguna@purdue.edu"
| #define PACKAGE_URL ""
| #define PACKAGE "arimatools"
| #define VERSION "0.1"
| /* end confdefs.h.  */
| #include <ac_nonexistent.h>
configure:6699: checking for ANSI C header files
configure:6719: gcc -c -g -O2  conftest.c >&5
configure:6719: $? = 0
configure:6792: gcc -o conftest -g -O2   conftest.c  >&5
configure:6792: $? = 0
configure:6792: ./conftest
configure:6792: $? = 0
configure:6803: result: yes
configure:6816: checking for sys/types.h
configure:6816: gcc -c -g -O2  conftest.c >&5
configure:6816: $? = 0
configure:6816: result: yes
configure:6816: checking for sys/stat.h
configure:6816: gcc -c -g -O2  conftest.c >&5
configure:6816: $? = 0
configure:6816: result: yes
configure:6816: checking for stdlib.h
configure:6816: gcc -c -g -O2  conftest.c >&5
configure:6816: $? = 0
configure:6816: result: yes
configure:6816: checking for string.h
configure:6816: gcc -c -g -O2  conftest.c >&5
configure:6816: $? = 0
configure:6816: result: yes
configure:6816: checking for memory.h
configure:6816: gcc -c -g -O2  conftest.c >&5
configure:6816: $? = 0
configure:6816: result: yes
configure:6816: checking for strings.h
configure:6816: gcc -c -g -O2  conftest.c >&5
configure:6816: $? = 0
configure:6816: result: yes
configure:6816: checking for inttypes.h
configure:6816: gcc -c -g -O2  conftest.c >&5
configure:6816: $? = 0
configure:6816: result: yes
configure:6816: checking for stdint.h
configure:6816: gcc -c -g -O2  conftest.c >&5
configure:6816: $? = 0
configure:6816: result: yes
configure:6816: checking for unistd.h
configure:6816: gcc -c -g -O2  conftest.c >&5
configure:6816: $? = 0
configure:6816: result: yes
configure:6831: checking for dlfcn.h
configure:6831: gcc -c -g -O2  conftest.c >&5
configure:6831: $? = 0
configure:6831: result: yes
configure:7015: checking for objdir
configure:7030: result: .libs
configure:7326: checking if gcc supports -fno-rtti -fno-exceptions
configure:7344: gcc -c -g -O2  -fno-rtti -fno-exceptions conftest.c >&5
cc1: warning: command line option "-fno-rtti" is valid for C++/ObjC++ but not for C
cc1: warning: command line option "-fno-rtti" is valid for C++/ObjC++ but not for C
configure:7348: $? = 0
configure:7361: result: no
configure:7381: checking for gcc option to produce PIC
configure:7653: result: -fPIC -DPIC
configure:7665: checking if gcc PIC flag -fPIC -DPIC works
configure:7683: gcc -c -g -O2  -fPIC -DPIC -DPIC conftest.c >&5
configure:7687: $? = 0
configure:7700: result: yes
configure:7724: checking if gcc static flag -static works
configure:7752: result: no
configure:7767: checking if gcc supports -c -o file.o
configure:7788: gcc -c -g -O2  -o out/conftest2.o conftest.c >&5
configure:7792: $? = 0
configure:7814: result: yes
configure:7822: checking if gcc supports -c -o file.o
configure:7869: result: yes
configure:7902: checking whether the gcc linker (/usr/bin/ld -m elf_x86_64) supports shared libraries
configure:8888: result: yes
configure:8925: checking whether -lc should be explicitly linked in
configure:8930: gcc -c -g -O2  conftest.c >&5
configure:8933: $? = 0
configure:8948: gcc -shared conftest.o  -v -Wl,-soname -Wl,conftest -o conftest 2\>\&1 \| /bin/grep  -lc  \>/dev/null 2\>\&1
configure:8951: $? = 0
configure:8963: result: no
configure:9127: checking dynamic linker characteristics
configure:9560: gcc -o conftest -g -O2   -Wl,-rpath -Wl,/foo conftest.c  >&5
configure:9560: $? = 0
configure:9781: result: GNU/Linux ld.so
configure:9883: checking how to hardcode library paths into programs
configure:9908: result: immediate
configure:10428: checking whether stripping libraries is possible
configure:10433: result: yes
configure:10468: checking if libtool supports shared libraries
configure:10470: result: yes
configure:10473: checking whether to build shared libraries
configure:10494: result: yes
configure:10497: checking whether to build static libraries
configure:10501: result: yes
configure:10601: checking for g++
configure:10617: found /usr/lib64/ccache/g++
configure:10628: result: g++
configure:10655: checking for C++ compiler version
configure:10664: g++ --version >&5
g++ (GCC) 4.4.5 20101112 (Red Hat 4.4.5-2)
Copyright (C) 2010 Free Software Foundation, Inc.
This is free software; see the source for copying conditions.  There is NO
warranty; not even for MERCHANTABILITY or FITNESS FOR A PARTICULAR PURPOSE.

configure:10675: $? = 0
configure:10664: g++ -v >&5
Using built-in specs.
Target: x86_64-redhat-linux
Configured with: ../configure --prefix=/usr --mandir=/usr/share/man --infodir=/usr/share/info --with-bugurl=http://bugzilla.redhat.com/bugzilla --enable-bootstrap --enable-shared --enable-threads=posix --enable-checking=release --with-system-zlib --enable-__cxa_atexit --disable-libunwind-exceptions --enable-gnu-unique-object --enable-languages=c,c++,objc,obj-c++,java,fortran,ada --enable-java-awt=gtk --disable-dssi --with-java-home=/usr/lib/jvm/java-1.5.0-gcj-1.5.0.0/jre --enable-libgcj-multifile --enable-java-maintainer-mode --with-ecj-jar=/usr/share/java/eclipse-ecj.jar --disable-libjava-multilib --with-ppl --with-cloog --with-tune=generic --with-arch_32=i686 --build=x86_64-redhat-linux
Thread model: posix
gcc version 4.4.5 20101112 (Red Hat 4.4.5-2) (GCC) 
configure:10675: $? = 0
configure:10664: g++ -V >&5
g++: '-V' option must have argument
configure:10675: $? = 1
configure:10664: g++ -qversion >&5
g++: unrecognized option '-qversion'
g++: no input files
configure:10675: $? = 1
configure:10679: checking whether we are using the GNU C++ compiler
configure:10698: g++ -c   conftest.cpp >&5
configure:10698: $? = 0
configure:10707: result: yes
configure:10716: checking whether g++ accepts -g
configure:10736: g++ -c -g  conftest.cpp >&5
configure:10736: $? = 0
configure:10777: result: yes
configure:10802: checking dependency style of g++
configure:10912: result: gcc3
configure:11040: checking for C++ compiler version
configure:11049: g++ --version >&5
g++ (GCC) 4.4.5 20101112 (Red Hat 4.4.5-2)
Copyright (C) 2010 Free Software Foundation, Inc.
This is free software; see the source for copying conditions.  There is NO
warranty; not even for MERCHANTABILITY or FITNESS FOR A PARTICULAR PURPOSE.

configure:11060: $? = 0
configure:11049: g++ -v >&5
Using built-in specs.
Target: x86_64-redhat-linux
Configured with: ../configure --prefix=/usr --mandir=/usr/share/man --infodir=/usr/share/info --with-bugurl=http://bugzilla.redhat.com/bugzilla --enable-bootstrap --enable-shared --enable-threads=posix --enable-checking=release --with-system-zlib --enable-__cxa_atexit --disable-libunwind-exceptions --enable-gnu-unique-object --enable-languages=c,c++,objc,obj-c++,java,fortran,ada --enable-java-awt=gtk --disable-dssi --with-java-home=/usr/lib/jvm/java-1.5.0-gcj-1.5.0.0/jre --enable-libgcj-multifile --enable-java-maintainer-mode --with-ecj-jar=/usr/share/java/eclipse-ecj.jar --disable-libjava-multilib --with-ppl --with-cloog --with-tune=generic --with-arch_32=i686 --build=x86_64-redhat-linux
Thread model: posix
gcc version 4.4.5 20101112 (Red Hat 4.4.5-2) (GCC) 
configure:11060: $? = 0
configure:11049: g++ -V >&5
g++: '-V' option must have argument
configure:11060: $? = 1
configure:11049: g++ -qversion >&5
g++: unrecognized option '-qversion'
g++: no input files
configure:11060: $? = 1
configure:11064: checking whether we are using the GNU C++ compiler
configure:11092: result: yes
configure:11101: checking whether g++ accepts -g
configure:11162: result: yes
configure:11187: checking dependency style of g++
configure:11297: result: gcc3
configure:11320: checking how to run the C++ preprocessor
configure:11347: g++ -E  conftest.cpp
configure:11347: $? = 0
configure:11361: g++ -E  conftest.cpp
conftest.cpp:23:28: error: ac_nonexistent.h: No such file or directory
configure:11361: $? = 1
configure: failed program was:
| /* confdefs.h */
| #define PACKAGE_NAME "arimatools"
| #define PACKAGE_TARNAME "arimatools"
| #define PACKAGE_VERSION "0.1"
| #define PACKAGE_STRING "arimatools 0.1"
| #define PACKAGE_BUGREPORT "ilaguna@purdue.edu"
| #define PACKAGE_URL ""
| #define PACKAGE "arimatools"
| #define VERSION "0.1"
| #define STDC_HEADERS 1
| #define HAVE_SYS_TYPES_H 1
| #define HAVE_SYS_STAT_H 1
| #define HAVE_STDLIB_H 1
| #define HAVE_STRING_H 1
| #define HAVE_MEMORY_H 1
| #define HAVE_STRINGS_H 1
| #define HAVE_INTTYPES_H 1
| #define HAVE_STDINT_H 1
| #define HAVE_UNISTD_H 1
| #define HAVE_DLFCN_H 1
| #define LT_OBJDIR ".libs/"
| /* end confdefs.h.  */
| #include <ac_nonexistent.h>
configure:11386: result: g++ -E
configure:11406: g++ -E  conftest.cpp
configure:11406: $? = 0
configure:11420: g++ -E  conftest.cpp
conftest.cpp:23:28: error: ac_nonexistent.h: No such file or directory
configure:11420: $? = 1
configure: failed program was:
| /* confdefs.h */
| #define PACKAGE_NAME "arimatools"
| #define PACKAGE_TARNAME "arimatools"
| #define PACKAGE_VERSION "0.1"
| #define PACKAGE_STRING "arimatools 0.1"
| #define PACKAGE_BUGREPORT "ilaguna@purdue.edu"
| #define PACKAGE_URL ""
| #define PACKAGE "arimatools"
| #define VERSION "0.1"
| #define STDC_HEADERS 1
| #define HAVE_SYS_TYPES_H 1
| #define HAVE_SYS_STAT_H 1
| #define HAVE_STDLIB_H 1
| #define HAVE_STRING_H 1
| #define HAVE_MEMORY_H 1
| #define HAVE_STRINGS_H 1
| #define HAVE_INTTYPES_H 1
| #define HAVE_STDINT_H 1
| #define HAVE_UNISTD_H 1
| #define HAVE_DLFCN_H 1
| #define LT_OBJDIR ".libs/"
| /* end confdefs.h.  */
| #include <ac_nonexistent.h>
configure:11588: checking for ld used by g++
configure:11655: result: /usr/bin/ld -m elf_x86_64
configure:11662: checking if the linker (/usr/bin/ld -m elf_x86_64) is GNU ld
configure:11677: result: yes
configure:11732: checking whether the g++ linker (/usr/bin/ld -m elf_x86_64) supports shared libraries
configure:12645: result: yes
configure:12673: g++ -c -g -O2  conftest.cpp >&5
configure:12676: $? = 0
configure:12858: checking for g++ option to produce PIC
configure:13175: result: -fPIC -DPIC
configure:13184: checking if g++ PIC flag -fPIC -DPIC works
configure:13202: g++ -c -g -O2  -fPIC -DPIC -DPIC conftest.cpp >&5
configure:13206: $? = 0
configure:13219: result: yes
configure:13240: checking if g++ static flag -static works
configure:13268: result: no
configure:13280: checking if g++ supports -c -o file.o
configure:13301: g++ -c -g -O2  -o out/conftest2.o conftest.cpp >&5
configure:13305: $? = 0
configure:13327: result: yes
configure:13332: checking if g++ supports -c -o file.o
configure:13379: result: yes
configure:13409: checking whether the g++ linker (/usr/bin/ld -m elf_x86_64) supports shared libraries
configure:13435: result: yes
configure:13572: checking dynamic linker characteristics
configure:13953: g++ -o conftest -g -O2   -Wl,-rpath -Wl,/foo conftest.cpp  >&5
configure:13953: $? = 0
configure:14174: result: GNU/Linux ld.so
configure:14225: checking how to hardcode library paths into programs
configure:14250: result: immediate
configure:14291: checking whether gcc and cc understand -c and -o together
configure:14322: gcc -c conftest.c -o conftest2.o >&5
configure:14326: $? = 0
configure:14332: gcc -c conftest.c -o conftest2.o >&5
configure:14336: $? = 0
configure:14347: cc -c conftest.c >&5
configure:14351: $? = 0
configure:14359: cc -c conftest.c -o conftest2.o >&5
configure:14363: $? = 0
configure:14369: cc -c conftest.c -o conftest2.o >&5
configure:14373: $? = 0
configure:14391: result: yes
configure:14430: checking stdio.h usability
configure:14430: g++ -c -g -O2  conftest.cpp >&5
configure:14430: $? = 0
configure:14430: result: yes
configure:14430: checking stdio.h presence
configure:14430: g++ -E  conftest.cpp
configure:14430: $? = 0
configure:14430: result: yes
configure:14430: checking for stdio.h
configure:14430: result: yes
configure:14430: checking for stdlib.h
configure:14430: result: yes
configure:14430: checking math.h usability
configure:14430: g++ -c -g -O2  conftest.cpp >&5
configure:14430: $? = 0
configure:14430: result: yes
configure:14430: checking math.h presence
configure:14430: g++ -E  conftest.cpp
configure:14430: $? = 0
configure:14430: result: yes
configure:14430: checking for math.h
configure:14430: result: yes
configure:14570: creating ./config.status

## ---------------------- ##
## Running config.status. ##
## ---------------------- ##

This file was extended by arimatools config.status 0.1, which was
generated by GNU Autoconf 2.65.  Invocation command line was

  CONFIG_FILES    = 
  CONFIG_HEADERS  = 
  CONFIG_LINKS    = 
  CONFIG_COMMANDS = 
  $ ./config.status 

on nautilus2

config.status:1128: creating Makefile
config.status:1128: creating src/Makefile
config.status:1128: creating config.h
config.status:1348: executing depfiles commands
config.status:1348: executing libtool commands

## ---------------- ##
## Cache variables. ##
## ---------------- ##

ac_cv_build=x86_64-unknown-linux-gnu
ac_cv_c_compiler_gnu=yes
ac_cv_cxx_compiler_gnu=yes
ac_cv_env_CCC_set=
ac_cv_env_CCC_value=
ac_cv_env_CC_set=
ac_cv_env_CC_value=
ac_cv_env_CFLAGS_set=
ac_cv_env_CFLAGS_value=
ac_cv_env_CPPFLAGS_set=
ac_cv_env_CPPFLAGS_value=
ac_cv_env_CPP_set=
ac_cv_env_CPP_value=
ac_cv_env_CXXCPP_set=
ac_cv_env_CXXCPP_value=
ac_cv_env_CXXFLAGS_set=
ac_cv_env_CXXFLAGS_value=
ac_cv_env_CXX_set=
ac_cv_env_CXX_value=
ac_cv_env_LDFLAGS_set=
ac_cv_env_LDFLAGS_value=
ac_cv_env_LIBS_set=
ac_cv_env_LIBS_value=
ac_cv_env_build_alias_set=
ac_cv_env_build_alias_value=
ac_cv_env_host_alias_set=
ac_cv_env_host_alias_value=
ac_cv_env_target_alias_set=
ac_cv_env_target_alias_value=
ac_cv_header_dlfcn_h=yes
ac_cv_header_inttypes_h=yes
ac_cv_header_math_h=yes
ac_cv_header_memory_h=yes
ac_cv_header_stdc=yes
ac_cv_header_stdint_h=yes
ac_cv_header_stdio_h=yes
ac_cv_header_stdlib_h=yes
ac_cv_header_string_h=yes
ac_cv_header_strings_h=yes
ac_cv_header_sys_stat_h=yes
ac_cv_header_sys_types_h=yes
ac_cv_header_unistd_h=yes
ac_cv_host=x86_64-unknown-linux-gnu
ac_cv_objext=o
ac_cv_path_EGREP='/bin/grep -E'
ac_cv_path_FGREP='/bin/grep -F'
ac_cv_path_GREP=/bin/grep
ac_cv_path_SED=/bin/sed
ac_cv_path_install='/usr/bin/install -c'
ac_cv_path_mkdir=/bin/mkdir
ac_cv_prog_AWK=gawk
ac_cv_prog_CPP='gcc -E'
ac_cv_prog_CXXCPP='g++ -E'
ac_cv_prog_ac_ct_AR=ar
ac_cv_prog_ac_ct_CC=gcc
ac_cv_prog_ac_ct_CXX=g++
ac_cv_prog_ac_ct_OBJDUMP=objdump
ac_cv_prog_ac_ct_RANLIB=ranlib
ac_cv_prog_ac_ct_STRIP=strip
ac_cv_prog_cc_c89=
ac_cv_prog_cc_g=yes
ac_cv_prog_cc_gcc_c_o=yes
ac_cv_prog_cxx_g=yes
ac_cv_prog_make_make_set=yes
am_cv_CC_dependencies_compiler_type=gcc3
am_cv_CXX_dependencies_compiler_type=gcc3
lt_cv_deplibs_check_method=pass_all
lt_cv_file_magic_cmd='$MAGIC_CMD'
lt_cv_file_magic_test_file=
lt_cv_ld_reload_flag=-r
lt_cv_nm_interface='BSD nm'
lt_cv_objdir=.libs
lt_cv_path_LD=/usr/bin/ld
lt_cv_path_LDCXX='/usr/bin/ld -m elf_x86_64'
lt_cv_path_NM='/usr/bin/nm -B'
lt_cv_prog_compiler_c_o=yes
lt_cv_prog_compiler_c_o_CXX=yes
lt_cv_prog_compiler_pic_works=yes
lt_cv_prog_compiler_pic_works_CXX=yes
lt_cv_prog_compiler_rtti_exceptions=no
lt_cv_prog_compiler_static_works=no
lt_cv_prog_compiler_static_works_CXX=no
lt_cv_prog_gnu_ld=yes
lt_cv_prog_gnu_ldcxx=yes
lt_cv_sys_global_symbol_pipe='sed -n -e '\''s/^.*[	 ]\([ABCDGIRSTW][ABCDGIRSTW]*\)[	 ][	 ]*\([_A-Za-z][_A-Za-z0-9]*\)$/\1 \2 \2/p'\'''
lt_cv_sys_global_symbol_to_c_name_address='sed -n -e '\''s/^: \([^ ]*\) $/  {\"\1\", (void *) 0},/p'\'' -e '\''s/^[ABCDGIRSTW]* \([^ ]*\) \([^ ]*\)$/  {"\2", (void *) \&\2},/p'\'''
lt_cv_sys_global_symbol_to_c_name_address_lib_prefix='sed -n -e '\''s/^: \([^ ]*\) $/  {\"\1\", (void *) 0},/p'\'' -e '\''s/^[ABCDGIRSTW]* \([^ ]*\) \(lib[^ ]*\)$/  {"\2", (void *) \&\2},/p'\'' -e '\''s/^[ABCDGIRSTW]* \([^ ]*\) \([^ ]*\)$/  {"lib\2", (void *) \&\2},/p'\'''
lt_cv_sys_global_symbol_to_cdecl='sed -n -e '\''s/^T .* \(.*\)$/extern int \1();/p'\'' -e '\''s/^[ABCDGIRSTW]* .* \(.*\)$/extern char \1;/p'\'''
lt_cv_sys_max_cmd_len=1966080

## ----------------- ##
## Output variables. ##
## ----------------- ##

ACLOCAL='${SHELL} /projects/error_detection/arima_tools/code/config/missing --run aclocal-1.11'
AMDEPBACKSLASH='\'
AMDEP_FALSE='#'
AMDEP_TRUE=''
AMTAR='${SHELL} /projects/error_detection/arima_tools/code/config/missing --run tar'
AR='ar'
AUTOCONF='${SHELL} /projects/error_detection/arima_tools/code/config/missing --run autoconf'
AUTOHEADER='${SHELL} /projects/error_detection/arima_tools/code/config/missing --run autoheader'
AUTOMAKE='${SHELL} /projects/error_detection/arima_tools/code/config/missing --run automake-1.11'
AWK='gawk'
CC='gcc'
CCDEPMODE='depmode=gcc3'
CFLAGS='-g -O2'
CPP='gcc -E'
CPPFLAGS=''
CXX='g++'
CXXCPP='g++ -E'
CXXDEPMODE='depmode=gcc3'
CXXFLAGS='-g -O2'
CYGPATH_W='echo'
DEFS='-DHAVE_CONFIG_H'
DEPDIR='.deps'
DSYMUTIL=''
DUMPBIN=''
ECHO_C=''
ECHO_N='-n'
ECHO_T=''
EGREP='/bin/grep -E'
EXEEXT=''
FGREP='/bin/grep -F'
GREP='/bin/grep'
INSTALL_DATA='${INSTALL} -m 644'
INSTALL_PROGRAM='${INSTALL}'
INSTALL_SCRIPT='${INSTALL}'
INSTALL_STRIP_PROGRAM='$(install_sh) -c -s'
LD='/usr/bin/ld -m elf_x86_64'
LDFLAGS=''
LIBOBJS=''
LIBS=''
LIBTOOL='$(SHELL) $(top_builddir)/libtool'
LIPO=''
LN_S='ln -s'
LTLIBOBJS=''
MAKEINFO='${SHELL} /projects/error_detection/arima_tools/code/config/missing --run makeinfo'
MKDIR_P='/bin/mkdir -p'
NM='/usr/bin/nm -B'
NMEDIT=''
OBJDUMP='objdump'
OBJEXT='o'
OTOOL64=''
OTOOL=''
PACKAGE='arimatools'
PACKAGE_BUGREPORT='ilaguna@purdue.edu'
PACKAGE_NAME='arimatools'
PACKAGE_STRING='arimatools 0.1'
PACKAGE_TARNAME='arimatools'
PACKAGE_URL=''
PACKAGE_VERSION='0.1'
PATH_SEPARATOR=':'
RANLIB='ranlib'
SED='/bin/sed'
SET_MAKE=''
SHELL='/bin/sh'
STRIP='strip'
VERSION='0.1'
ac_ct_CC='gcc'
ac_ct_CXX='g++'
ac_ct_DUMPBIN=''
am__EXEEXT_FALSE=''
am__EXEEXT_TRUE='#'
am__fastdepCC_FALSE='#'
am__fastdepCC_TRUE=''
am__fastdepCXX_FALSE='#'
am__fastdepCXX_TRUE=''
am__include='include'
am__isrc=''
am__leading_dot='.'
am__quote=''
am__tar='${AMTAR} chof - "$$tardir"'
am__untar='${AMTAR} xf -'
bindir='${exec_prefix}/bin'
build='x86_64-unknown-linux-gnu'
build_alias=''
build_cpu='x86_64'
build_os='linux-gnu'
build_vendor='unknown'
datadir='${datarootdir}'
datarootdir='${prefix}/share'
docdir='${datarootdir}/doc/${PACKAGE_TARNAME}'
dvidir='${docdir}'
exec_prefix='${prefix}'
host='x86_64-unknown-linux-gnu'
host_alias=''
host_cpu='x86_64'
host_os='linux-gnu'
host_vendor='unknown'
htmldir='${docdir}'
includedir='${prefix}/include'
infodir='${datarootdir}/info'
install_sh='${SHELL} /projects/error_detection/arima_tools/code/config/install-sh'
libdir='${exec_prefix}/lib'
libexecdir='${exec_prefix}/libexec'
localedir='${datarootdir}/locale'
localstatedir='${prefix}/var'
lt_ECHO='echo'
mandir='${datarootdir}/man'
mkdir_p='/bin/mkdir -p'
oldincludedir='/usr/include'
pdfdir='${docdir}'
prefix='/usr/local'
program_transform_name='s,x,x,'
psdir='${docdir}'
sbindir='${exec_prefix}/sbin'
sharedstatedir='${prefix}/com'
sysconfdir='${prefix}/etc'
target_alias=''

## ----------- ##
## confdefs.h. ##
## ----------- ##

/* confdefs.h */
#define PACKAGE_NAME "arimatools"
#define PACKAGE_TARNAME "arimatools"
#define PACKAGE_VERSION "0.1"
#define PACKAGE_STRING "arimatools 0.1"
#define PACKAGE_BUGREPORT "ilaguna@purdue.edu"
#define PACKAGE_URL ""
#define PACKAGE "arimatools"
#define VERSION "0.1"
#define STDC_HEADERS 1
#define HAVE_SYS_TYPES_H 1
#define HAVE_SYS_STAT_H 1
#define HAVE_STDLIB_H 1
#define HAVE_STRING_H 1
#define HAVE_MEMORY_H 1
#define HAVE_STRINGS_H 1
#define HAVE_INTTYPES_H 1
#define HAVE_STDINT_H 1
#define HAVE_UNISTD_H 1
#define HAVE_DLFCN_H 1
#define LT_OBJDIR ".libs/"
#define HAVE_STDIO_H 1
#define HAVE_STDLIB_H 1
#define HAVE_MATH_H 1

configure: exit 0
